[PASS] /home/jjt/soc/my_soc/CPU_Copetition_tpu_soc/work/600_competition_5stage/tb/tb_panda_risc_v/inst_test/rv32ui-illegal_exception.txt
[PASS] /home/jjt/soc/my_soc/CPU_Copetition_tpu_soc/work/600_competition_5stage/tb/tb_panda_risc_v/inst_test/rv32ui-load_misalign_exception.txt
[PASS] /home/jjt/soc/my_soc/CPU_Copetition_tpu_soc/work/600_competition_5stage/tb/tb_panda_risc_v/inst_test/rv32ui-p-add.txt
[PASS] /home/jjt/soc/my_soc/CPU_Copetition_tpu_soc/work/600_competition_5stage/tb/tb_panda_risc_v/inst_test/rv32ui-p-addi.txt
[PASS] /home/jjt/soc/my_soc/CPU_Copetition_tpu_soc/work/600_competition_5stage/tb/tb_panda_risc_v/inst_test/rv32ui-p-and.txt
[PASS] /home/jjt/soc/my_soc/CPU_Copetition_tpu_soc/work/600_competition_5stage/tb/tb_panda_risc_v/inst_test/rv32ui-p-andi.txt
[PASS] /home/jjt/soc/my_soc/CPU_Copetition_tpu_soc/work/600_competition_5stage/tb/tb_panda_risc_v/inst_test/rv32ui-p-auipc.txt
[PASS] /home/jjt/soc/my_soc/CPU_Copetition_tpu_soc/work/600_competition_5stage/tb/tb_panda_risc_v/inst_test/rv32ui-p-beq.txt
[PASS] /home/jjt/soc/my_soc/CPU_Copetition_tpu_soc/work/600_competition_5stage/tb/tb_panda_risc_v/inst_test/rv32ui-p-bge.txt
[PASS] /home/jjt/soc/my_soc/CPU_Copetition_tpu_soc/work/600_competition_5stage/tb/tb_panda_risc_v/inst_test/rv32ui-p-bgeu.txt
[PASS] /home/jjt/soc/my_soc/CPU_Copetition_tpu_soc/work/600_competition_5stage/tb/tb_panda_risc_v/inst_test/rv32ui-p-blt.txt
[PASS] /home/jjt/soc/my_soc/CPU_Copetition_tpu_soc/work/600_competition_5stage/tb/tb_panda_risc_v/inst_test/rv32ui-p-bltu.txt
[PASS] /home/jjt/soc/my_soc/CPU_Copetition_tpu_soc/work/600_competition_5stage/tb/tb_panda_risc_v/inst_test/rv32ui-p-bne.txt
[PASS] /home/jjt/soc/my_soc/CPU_Copetition_tpu_soc/work/600_competition_5stage/tb/tb_panda_risc_v/inst_test/rv32ui-p-fence_i.txt
[PASS] /home/jjt/soc/my_soc/CPU_Copetition_tpu_soc/work/600_competition_5stage/tb/tb_panda_risc_v/inst_test/rv32ui-p-jal.txt
[PASS] /home/jjt/soc/my_soc/CPU_Copetition_tpu_soc/work/600_competition_5stage/tb/tb_panda_risc_v/inst_test/rv32ui-p-jalr.txt
[PASS] /home/jjt/soc/my_soc/CPU_Copetition_tpu_soc/work/600_competition_5stage/tb/tb_panda_risc_v/inst_test/rv32ui-p-lb.txt
[PASS] /home/jjt/soc/my_soc/CPU_Copetition_tpu_soc/work/600_competition_5stage/tb/tb_panda_risc_v/inst_test/rv32ui-p-lbu.txt
[PASS] /home/jjt/soc/my_soc/CPU_Copetition_tpu_soc/work/600_competition_5stage/tb/tb_panda_risc_v/inst_test/rv32ui-p-lh.txt
[PASS] /home/jjt/soc/my_soc/CPU_Copetition_tpu_soc/work/600_competition_5stage/tb/tb_panda_risc_v/inst_test/rv32ui-p-lhu.txt
[PASS] /home/jjt/soc/my_soc/CPU_Copetition_tpu_soc/work/600_competition_5stage/tb/tb_panda_risc_v/inst_test/rv32ui-p-lui.txt
[PASS] /home/jjt/soc/my_soc/CPU_Copetition_tpu_soc/work/600_competition_5stage/tb/tb_panda_risc_v/inst_test/rv32ui-p-lw.txt
[PASS] /home/jjt/soc/my_soc/CPU_Copetition_tpu_soc/work/600_competition_5stage/tb/tb_panda_risc_v/inst_test/rv32ui-p-or.txt
[PASS] /home/jjt/soc/my_soc/CPU_Copetition_tpu_soc/work/600_competition_5stage/tb/tb_panda_risc_v/inst_test/rv32ui-p-ori.txt
[PASS] /home/jjt/soc/my_soc/CPU_Copetition_tpu_soc/work/600_competition_5stage/tb/tb_panda_risc_v/inst_test/rv32ui-p-sb.txt
[PASS] /home/jjt/soc/my_soc/CPU_Copetition_tpu_soc/work/600_competition_5stage/tb/tb_panda_risc_v/inst_test/rv32ui-p-sh.txt
[PASS] /home/jjt/soc/my_soc/CPU_Copetition_tpu_soc/work/600_competition_5stage/tb/tb_panda_risc_v/inst_test/rv32ui-p-simple.txt
[PASS] /home/jjt/soc/my_soc/CPU_Copetition_tpu_soc/work/600_competition_5stage/tb/tb_panda_risc_v/inst_test/rv32ui-p-sll.txt
[PASS] /home/jjt/soc/my_soc/CPU_Copetition_tpu_soc/work/600_competition_5stage/tb/tb_panda_risc_v/inst_test/rv32ui-p-slli.txt
[PASS] /home/jjt/soc/my_soc/CPU_Copetition_tpu_soc/work/600_competition_5stage/tb/tb_panda_risc_v/inst_test/rv32ui-p-slt.txt
[PASS] /home/jjt/soc/my_soc/CPU_Copetition_tpu_soc/work/600_competition_5stage/tb/tb_panda_risc_v/inst_test/rv32ui-p-slti.txt
[PASS] /home/jjt/soc/my_soc/CPU_Copetition_tpu_soc/work/600_competition_5stage/tb/tb_panda_risc_v/inst_test/rv32ui-p-sltiu.txt
[PASS] /home/jjt/soc/my_soc/CPU_Copetition_tpu_soc/work/600_competition_5stage/tb/tb_panda_risc_v/inst_test/rv32ui-p-sltu.txt
[PASS] /home/jjt/soc/my_soc/CPU_Copetition_tpu_soc/work/600_competition_5stage/tb/tb_panda_risc_v/inst_test/rv32ui-p-sra.txt
[PASS] /home/jjt/soc/my_soc/CPU_Copetition_tpu_soc/work/600_competition_5stage/tb/tb_panda_risc_v/inst_test/rv32ui-p-srai.txt
[PASS] /home/jjt/soc/my_soc/CPU_Copetition_tpu_soc/work/600_competition_5stage/tb/tb_panda_risc_v/inst_test/rv32ui-p-srl.txt
[PASS] /home/jjt/soc/my_soc/CPU_Copetition_tpu_soc/work/600_competition_5stage/tb/tb_panda_risc_v/inst_test/rv32ui-p-srli.txt
[PASS] /home/jjt/soc/my_soc/CPU_Copetition_tpu_soc/work/600_competition_5stage/tb/tb_panda_risc_v/inst_test/rv32ui-p-sub.txt
[PASS] /home/jjt/soc/my_soc/CPU_Copetition_tpu_soc/work/600_competition_5stage/tb/tb_panda_risc_v/inst_test/rv32ui-p-sw.txt
[PASS] /home/jjt/soc/my_soc/CPU_Copetition_tpu_soc/work/600_competition_5stage/tb/tb_panda_risc_v/inst_test/rv32ui-p-xor.txt
[PASS] /home/jjt/soc/my_soc/CPU_Copetition_tpu_soc/work/600_competition_5stage/tb/tb_panda_risc_v/inst_test/rv32ui-p-xori.txt
Summary: 41 passed, 0 failed, total 41
